<?xml version="1.0" encoding="UTF-8"?>
<testsuite name="ReadabilityTest" tests="1" skipped="0" failures="0" errors="0" timestamp="2021-07-20T00:12:53" hostname="LT" time="0.144">
  <properties/>
  <testcase name="start" classname="ReadabilityTest" time="0.144"/>
  <system-out><![CDATA[?[1;31m
Start test 1?[0m
Words: 108.0
Sentences: 6.0
Characters: 580.0
Syllables: 198.0
Polysyllables: 22.0
Enter the score you want to calculate (ARI, FK, SMOG, CL, all): > all

Automated Readability Index: 12.86 (about 24-year-olds).
Flesch–Kincaid readability tests: 13.06 (about 24-year-olds).
Simple Measure of Gobbledygook:  14.07 (about 24+-year-olds).
Coleman–Liau index: 14.13 (about 24+-year-olds).

This text should be understood in average by 13.53-year-olds.
?[1;31m
Start test 2?[0m
Words: 137.0
Sentences: 14.0
Characters: 687.0
Syllables: 214.0
Polysyllables: 17.0
Enter the score you want to calculate (ARI, FK, SMOG, CL, all): > all

Automated Readability Index: 7.08 (about 13-year-olds).
Flesch–Kincaid readability tests: 6.66 (about 13-year-olds).
Simple Measure of Gobbledygook:  9.42 (about 15-year-olds).
Coleman–Liau index: 10.66 (about 17-year-olds).

This text should be understood in average by 8.46-year-olds.
?[1;31m
Start test 3?[0m
Words: 180.0
Sentences: 13.0
Characters: 982.0
Syllables: 318.0
Polysyllables: 34.0
Enter the score you want to calculate (ARI, FK, SMOG, CL, all): > all

Automated Readability Index: 11.19 (about 17-year-olds).
Flesch–Kincaid readability tests: 10.66 (about 17-year-olds).
Simple Measure of Gobbledygook:  12.37 (about 18-year-olds).
Coleman–Liau index: 14.14 (about 24+-year-olds).

This text should be understood in average by 12.09-year-olds.
]]></system-out>
  <system-err><![CDATA[]]></system-err>
</testsuite>
