<?xml version="1.0" encoding="UTF-8"?>
<testsuite name="ReadabilityTest" tests="1" skipped="0" failures="0" errors="0" timestamp="2021-07-19T18:31:24" hostname="LT" time="0.165">
  <properties/>
  <testcase name="start" classname="ReadabilityTest" time="0.165"/>
  <system-out><![CDATA[?[1;31m
Start test 1?[0m
Words: 108.0
Sentences: 6.0
Characters: 580.0
The score is: 12.86
This text should be understood by 18-24-year-olds. 
?[1;31m
Start test 2?[0m
Words: 100.0
Sentences: 10.0
Characters: 476.0
The score is: 5.99
This text should be understood by 11-12-year-olds. 
?[1;31m
Start test 3?[0m
Words: 180.0
Sentences: 13.0
Characters: 982.0
The score is: 11.19
This text should be understood by 17-18-year-olds. 
]]></system-out>
  <system-err><![CDATA[]]></system-err>
</testsuite>
